Arguments: 
  C:\Program Files\nodejs\node.exe C:\Program Files (x86)\Yarn\bin\yarn.js

PATH: 
  C:\Program Files (x86)\Common Files\Oracle\Java\javapath;C:\WINDOWS\system32;C:\WINDOWS;C:\WINDOWS\System32\Wbem;C:\WINDOWS\System32\WindowsPowerShell\v1.0\;C:\WINDOWS\System32\OpenSSH\;C:\Program Files (x86)\NVIDIA Corporation\PhysX\Common;C:\Program Files\NVIDIA Corporation\NVIDIA NvDLISR;C:\Program Files\Git\cmd;C:\Program Files (x86)\Yarn\bin\;C:\Program Files (x86)\Microsoft SQL Server\150\DTS\Binn\;C:\webdrivers;C:\Program Files\nodejs\;%SystemRoot%\system32;%SystemRoot%;%SystemRoot%\System32\Wbem;%SYSTEMROOT%\System32\WindowsPowerShell\v1.0\;%SYSTEMROOT%\System32\OpenSSH\;C:\Users\juan-\AppData\Local\Microsoft\WindowsApps;C:\Users\juan-\AppData\Local\Yarn\bin;C:\Users\juan-\AppData\Local\Programs\Microsoft VS Code\bin;E:\flutter\bin;C:\Users\juan-\AppData\Roaming\npm;

Yarn version: 
  1.22.0

Node version: 
  14.16.0

Platform: 
  win32 x64

Trace: 
  SyntaxError: C:\www\backend-fatec\package.json: Unexpected token } in JSON at position 734
      at JSON.parse (<anonymous>)
      at C:\Program Files (x86)\Yarn\lib\cli.js:1625:59
      at Generator.next (<anonymous>)
      at step (C:\Program Files (x86)\Yarn\lib\cli.js:310:30)
      at C:\Program Files (x86)\Yarn\lib\cli.js:321:13

npm manifest: 
  {
    "name": "backend-fatec",
    "version": "1.0.0",
    "main": "index.js",
    "license": "MIT",
    "scripts": {
      "lint": "eslint src --ext .js",
      "dev": "nodemon -r dotenv/config src/index.js --ignore tests",
      "start": "node src/index.js"
    },
    "devDependencies": {
      "dotenv": "^8.2.0",
      "eslint": "^7.24.0",
      "eslint-config-airbnb-base": "^14.2.1",
      "eslint-config-prettier": "^8.2.0",
      "eslint-plugin-import": "^2.22.1",
      "eslint-plugin-import-helpers": "^1.1.0",
      "eslint-plugin-prettier": "^3.3.1",
      "nodemon": "^2.0.7",
      "prettier": "^2.2.1"
    },
    "dependencies": {
      "cors": "^2.8.5",
      "express": "^4.17.1",
      "mysql2": "^2.2.5",
      "sequelize": "^6.6.2",
      "tedious": "^11.0.7"
    },
  }

yarn manifest: 
  No manifest

Lockfile: 
  No lockfile
